<?xml version="1.0" encoding="UTF-8"?><testrun duration="45" footerText="Generated by IntelliJ IDEA on 02/02/2021, 18:23" name="Tests in 'Dragon-Boat-Z.core.test'">
    <count name="total" value="27"/>
    <count name="failed" value="7"/>
    <count name="passed" value="20"/>
    <config configId="GradleRunConfiguration" name="Tests in 'Dragon-Boat-Z.core.test'">
        <ExternalSystemSettings>
            <option name="executionName"/>
            <option name="externalProjectPath" value="D:/UserStorage/alec/My Documents/GitHub/Dragon-Boat-Z"/>
            <option name="externalSystemIdString" value="GRADLE"/>
            <option name="scriptParameters" value="--tests *"/>
            <option name="taskDescriptions">
                <list/>
            </option>
            <option name="taskNames">
                <list>
                    <option value=":core:test"/>
                </list>
            </option>
            <option name="vmOptions"/>
        </ExternalSystemSettings>
        <ExternalSystemDebugServerProcess/>
        <ExternalSystemReattachDebugProcess/>
        <DebugAllEnabled/>
    </config>
    <suite duration="27" locationUrl="java:suite://com.dragonboat.game.BoatTest" name="com.dragonboat.game.BoatTest" status="failed">
        <test duration="4" locationUrl="java:test://com.dragonboat.game.BoatTest.testIncreaseTiredness" name="testIncreaseTiredness" status="passed"/>
        <test duration="1" locationUrl="java:test://com.dragonboat.game.BoatTest.testMoveForward" name="testMoveForward" status="passed"/>
        <test duration="1" locationUrl="java:test://com.dragonboat.game.BoatTest.testReset" name="testReset" status="passed"/>
        <test duration="14" locationUrl="java:test://com.dragonboat.game.BoatTest.testCheckCollisions" name="testCheckCollisions" status="failed">
            <output type="stderr">expected:&amp;lt;0&amp;gt; but was:&amp;lt;1&amp;gt;
</output>
            <output type="stdout">Expected :
</output>
            <output type="stderr">0
</output>
            <output type="stdout">Actual   :
</output>
            <diff actual="1" expected="0"/>
            <output type="stderr">1
java.lang.AssertionError: expected:&amp;lt;0&amp;gt; but was:&amp;lt;1&amp;gt;&#13;
	at org.junit.Assert.fail(Assert.java:89)&#13;
	at org.junit.Assert.failNotEquals(Assert.java:835)&#13;
	at org.junit.Assert.assertEquals(Assert.java:647)&#13;
	at org.junit.Assert.assertEquals(Assert.java:633)&#13;
	at com.dragonboat.game.BoatTest.testCheckCollisions(BoatTest.java:234)&#13;
	at java.base/jdk.internal.reflect.NativeMethodAccessorImpl.invoke0(Native Method)&#13;
	at java.base/jdk.internal.reflect.NativeMethodAccessorImpl.invoke(NativeMethodAccessorImpl.java:62)&#13;
	at java.base/jdk.internal.reflect.DelegatingMethodAccessorImpl.invoke(DelegatingMethodAccessorImpl.java:43)&#13;
	at java.base/java.lang.reflect.Method.invoke(Method.java:566)&#13;
	at org.junit.runners.model.FrameworkMethod$1.runReflectiveCall(FrameworkMethod.java:59)&#13;
	at org.junit.internal.runners.model.ReflectiveCallable.run(ReflectiveCallable.java:12)&#13;
	at org.junit.runners.model.FrameworkMethod.invokeExplosively(FrameworkMethod.java:56)&#13;
	at org.junit.internal.runners.statements.InvokeMethod.evaluate(InvokeMethod.java:17)&#13;
	at org.junit.runners.ParentRunner$3.evaluate(ParentRunner.java:306)&#13;
	at org.junit.runners.BlockJUnit4ClassRunner$1.evaluate(BlockJUnit4ClassRunner.java:100)&#13;
	at org.junit.runners.ParentRunner.runLeaf(ParentRunner.java:366)&#13;
	at org.junit.runners.BlockJUnit4ClassRunner.runChild(BlockJUnit4ClassRunner.java:103)&#13;
	at com.dragonboat.game.GdxTestRunner.render(GdxTestRunner.java:58)&#13;
	at com.badlogic.gdx.backends.headless.HeadlessApplication.mainLoop(HeadlessApplication.java:129)&#13;
	at com.badlogic.gdx.backends.headless.HeadlessApplication$1.run(HeadlessApplication.java:96)&#13;
</output>
        </test>
        <test duration="0" locationUrl="java:test://com.dragonboat.game.BoatTest.testDecreaseTiredness" name="testDecreaseTiredness" status="passed"/>
        <test duration="1" locationUrl="java:test://com.dragonboat.game.BoatTest.testGetProgress" name="testGetProgress" status="passed"/>
        <test duration="1" locationUrl="java:test://com.dragonboat.game.BoatTest.testResetFastestLegTime" name="testResetFastestLegTime" status="passed"/>
        <test duration="1" locationUrl="java:test://com.dragonboat.game.BoatTest.testCheckIfInLane" name="testCheckIfInLane" status="passed"/>
        <test duration="0" locationUrl="java:test://com.dragonboat.game.BoatTest.testIncreaseSpeed" name="testIncreaseSpeed" status="passed"/>
        <test duration="1" locationUrl="java:test://com.dragonboat.game.BoatTest.testApplyDamage" name="testApplyDamage" status="passed"/>
        <test duration="0" locationUrl="java:test://com.dragonboat.game.BoatTest.testDecreaseSpeed" name="testDecreaseSpeed" status="passed"/>
        <test duration="1" locationUrl="java:test://com.dragonboat.game.BoatTest.testSteerRight" name="testSteerRight" status="failed">
            <output type="stderr">expected:&amp;lt;-45.0&amp;gt; but was:&amp;lt;-10.0&amp;gt;
</output>
            <output type="stdout">Expected :
</output>
            <output type="stderr">-45.0
</output>
            <output type="stdout">Actual   :
</output>
            <diff actual="-10.0" expected="-45.0"/>
            <output type="stderr">-10.0
java.lang.AssertionError: expected:&amp;lt;-45.0&amp;gt; but was:&amp;lt;-10.0&amp;gt;&#13;
	at org.junit.Assert.fail(Assert.java:89)&#13;
	at org.junit.Assert.failNotEquals(Assert.java:835)&#13;
	at org.junit.Assert.assertEquals(Assert.java:555)&#13;
	at org.junit.Assert.assertEquals(Assert.java:685)&#13;
	at com.dragonboat.game.BoatTest.testSteerRight(BoatTest.java:61)&#13;
	at java.base/jdk.internal.reflect.NativeMethodAccessorImpl.invoke0(Native Method)&#13;
	at java.base/jdk.internal.reflect.NativeMethodAccessorImpl.invoke(NativeMethodAccessorImpl.java:62)&#13;
	at java.base/jdk.internal.reflect.DelegatingMethodAccessorImpl.invoke(DelegatingMethodAccessorImpl.java:43)&#13;
	at java.base/java.lang.reflect.Method.invoke(Method.java:566)&#13;
	at org.junit.runners.model.FrameworkMethod$1.runReflectiveCall(FrameworkMethod.java:59)&#13;
	at org.junit.internal.runners.model.ReflectiveCallable.run(ReflectiveCallable.java:12)&#13;
	at org.junit.runners.model.FrameworkMethod.invokeExplosively(FrameworkMethod.java:56)&#13;
	at org.junit.internal.runners.statements.InvokeMethod.evaluate(InvokeMethod.java:17)&#13;
	at org.junit.runners.ParentRunner$3.evaluate(ParentRunner.java:306)&#13;
	at org.junit.runners.BlockJUnit4ClassRunner$1.evaluate(BlockJUnit4ClassRunner.java:100)&#13;
	at org.junit.runners.ParentRunner.runLeaf(ParentRunner.java:366)&#13;
	at org.junit.runners.BlockJUnit4ClassRunner.runChild(BlockJUnit4ClassRunner.java:103)&#13;
	at com.dragonboat.game.GdxTestRunner.render(GdxTestRunner.java:58)&#13;
	at com.badlogic.gdx.backends.headless.HeadlessApplication.mainLoop(HeadlessApplication.java:129)&#13;
	at com.badlogic.gdx.backends.headless.HeadlessApplication$1.run(HeadlessApplication.java:96)&#13;
</output>
        </test>
        <test duration="1" locationUrl="java:test://com.dragonboat.game.BoatTest.testSteerLeft" name="testSteerLeft" status="failed">
            <output type="stderr">expected:&amp;lt;40.0&amp;gt; but was:&amp;lt;5.0&amp;gt;
</output>
            <output type="stdout">Expected :
</output>
            <output type="stderr">40.0
</output>
            <output type="stdout">Actual   :
</output>
            <diff actual="5.0" expected="40.0"/>
            <output type="stderr">5.0
java.lang.AssertionError: expected:&amp;lt;40.0&amp;gt; but was:&amp;lt;5.0&amp;gt;&#13;
	at org.junit.Assert.fail(Assert.java:89)&#13;
	at org.junit.Assert.failNotEquals(Assert.java:835)&#13;
	at org.junit.Assert.assertEquals(Assert.java:555)&#13;
	at org.junit.Assert.assertEquals(Assert.java:685)&#13;
	at com.dragonboat.game.BoatTest.testSteerLeft(BoatTest.java:31)&#13;
	at java.base/jdk.internal.reflect.NativeMethodAccessorImpl.invoke0(Native Method)&#13;
	at java.base/jdk.internal.reflect.NativeMethodAccessorImpl.invoke(NativeMethodAccessorImpl.java:62)&#13;
	at java.base/jdk.internal.reflect.DelegatingMethodAccessorImpl.invoke(DelegatingMethodAccessorImpl.java:43)&#13;
	at java.base/java.lang.reflect.Method.invoke(Method.java:566)&#13;
	at org.junit.runners.model.FrameworkMethod$1.runReflectiveCall(FrameworkMethod.java:59)&#13;
	at org.junit.internal.runners.model.ReflectiveCallable.run(ReflectiveCallable.java:12)&#13;
	at org.junit.runners.model.FrameworkMethod.invokeExplosively(FrameworkMethod.java:56)&#13;
	at org.junit.internal.runners.statements.InvokeMethod.evaluate(InvokeMethod.java:17)&#13;
	at org.junit.runners.ParentRunner$3.evaluate(ParentRunner.java:306)&#13;
	at org.junit.runners.BlockJUnit4ClassRunner$1.evaluate(BlockJUnit4ClassRunner.java:100)&#13;
	at org.junit.runners.ParentRunner.runLeaf(ParentRunner.java:366)&#13;
	at org.junit.runners.BlockJUnit4ClassRunner.runChild(BlockJUnit4ClassRunner.java:103)&#13;
	at com.dragonboat.game.GdxTestRunner.render(GdxTestRunner.java:58)&#13;
	at com.badlogic.gdx.backends.headless.HeadlessApplication.mainLoop(HeadlessApplication.java:129)&#13;
	at com.badlogic.gdx.backends.headless.HeadlessApplication$1.run(HeadlessApplication.java:96)&#13;
</output>
        </test>
        <test duration="1" locationUrl="java:test://com.dragonboat.game.BoatTest.testUpdateFastestTime" name="testUpdateFastestTime" status="passed"/>
    </suite>
    <suite duration="8" locationUrl="java:suite://com.dragonboat.game.LaneTest" name="com.dragonboat.game.LaneTest" status="failed">
        <test duration="6" locationUrl="java:test://com.dragonboat.game.LaneTest.testSpawnObstacle" name="testSpawnObstacle" status="failed">
            <output type="stdout">Obstacle limit reached.&#13;
Obstacle limit reached.&#13;
Obstacle limit reached.&#13;
</output>
            <output type="stderr">expected:&amp;lt;10.0&amp;gt; but was:&amp;lt;11.0&amp;gt;
</output>
            <output type="stdout">Expected :
</output>
            <output type="stderr">10.0
</output>
            <output type="stdout">Actual   :
</output>
            <diff actual="11.0" expected="10.0"/>
            <output type="stderr">11.0
java.lang.AssertionError: expected:&amp;lt;10.0&amp;gt; but was:&amp;lt;11.0&amp;gt;&#13;
	at org.junit.Assert.fail(Assert.java:89)&#13;
	at org.junit.Assert.failNotEquals(Assert.java:835)&#13;
	at org.junit.Assert.assertEquals(Assert.java:555)&#13;
	at org.junit.Assert.assertEquals(Assert.java:685)&#13;
	at com.dragonboat.game.LaneTest.testSpawnObstacle(LaneTest.java:45)&#13;
	at java.base/jdk.internal.reflect.NativeMethodAccessorImpl.invoke0(Native Method)&#13;
	at java.base/jdk.internal.reflect.NativeMethodAccessorImpl.invoke(NativeMethodAccessorImpl.java:62)&#13;
	at java.base/jdk.internal.reflect.DelegatingMethodAccessorImpl.invoke(DelegatingMethodAccessorImpl.java:43)&#13;
	at java.base/java.lang.reflect.Method.invoke(Method.java:566)&#13;
	at org.junit.runners.model.FrameworkMethod$1.runReflectiveCall(FrameworkMethod.java:59)&#13;
	at org.junit.internal.runners.model.ReflectiveCallable.run(ReflectiveCallable.java:12)&#13;
	at org.junit.runners.model.FrameworkMethod.invokeExplosively(FrameworkMethod.java:56)&#13;
	at org.junit.internal.runners.statements.InvokeMethod.evaluate(InvokeMethod.java:17)&#13;
	at org.junit.runners.ParentRunner$3.evaluate(ParentRunner.java:306)&#13;
	at org.junit.runners.BlockJUnit4ClassRunner$1.evaluate(BlockJUnit4ClassRunner.java:100)&#13;
	at org.junit.runners.ParentRunner.runLeaf(ParentRunner.java:366)&#13;
	at org.junit.runners.BlockJUnit4ClassRunner.runChild(BlockJUnit4ClassRunner.java:103)&#13;
	at com.dragonboat.game.GdxTestRunner.render(GdxTestRunner.java:58)&#13;
	at com.badlogic.gdx.backends.headless.HeadlessApplication.mainLoop(HeadlessApplication.java:129)&#13;
	at com.badlogic.gdx.backends.headless.HeadlessApplication$1.run(HeadlessApplication.java:96)&#13;
</output>
        </test>
        <test duration="2" locationUrl="java:test://com.dragonboat.game.LaneTest.testRemoveObstacle" name="testRemoveObstacle" status="passed"/>
    </suite>
    <suite duration="6" locationUrl="java:suite://com.dragonboat.game.LeaderboardTest" name="com.dragonboat.game.LeaderboardTest" status="failed">
        <test duration="4" locationUrl="java:test://com.dragonboat.game.LeaderboardTest.testGetTimes" name="testGetTimes" status="passed"/>
        <test duration="0" locationUrl="java:test://com.dragonboat.game.LeaderboardTest.testGetFinalists" name="testGetFinalists" status="failed">
            <output type="stderr">arrays first differed at element [0]; expected:&amp;lt;com.dragonboat.game.Opponent@453cb38&amp;gt; but was:&amp;lt;com.dragonboat.game.Player@4485e384&amp;gt;
</output>
            <output type="stdout">Expected :
</output>
            <output type="stderr">com.dragonboat.game.Opponent@453cb38
</output>
            <output type="stdout">Actual   :
</output>
            <diff actual="com.dragonboat.game.Player@4485e384" expected="com.dragonboat.game.Opponent@453cb38"/>
            <output type="stderr">com.dragonboat.game.Player@4485e384
arrays first differed at element [0]; expected:&amp;lt;com.dragonboat.game.Opponent@453cb38&amp;gt; but was:&amp;lt;com.dragonboat.game.Player@4485e384&amp;gt;&#13;
	at org.junit.internal.ComparisonCriteria.arrayEquals(ComparisonCriteria.java:78)&#13;
	at org.junit.internal.ComparisonCriteria.arrayEquals(ComparisonCriteria.java:28)&#13;
	at org.junit.Assert.internalArrayEquals(Assert.java:534)&#13;
	at org.junit.Assert.assertArrayEquals(Assert.java:285)&#13;
	at org.junit.Assert.assertArrayEquals(Assert.java:300)&#13;
	at com.dragonboat.game.LeaderboardTest.testGetFinalists(LeaderboardTest.java:52)&#13;
	at java.base/jdk.internal.reflect.NativeMethodAccessorImpl.invoke0(Native Method)&#13;
	at java.base/jdk.internal.reflect.NativeMethodAccessorImpl.invoke(NativeMethodAccessorImpl.java:62)&#13;
	at java.base/jdk.internal.reflect.DelegatingMethodAccessorImpl.invoke(DelegatingMethodAccessorImpl.java:43)&#13;
	at java.base/java.lang.reflect.Method.invoke(Method.java:566)&#13;
	at org.junit.runners.model.FrameworkMethod$1.runReflectiveCall(FrameworkMethod.java:59)&#13;
	at org.junit.internal.runners.model.ReflectiveCallable.run(ReflectiveCallable.java:12)&#13;
	at org.junit.runners.model.FrameworkMethod.invokeExplosively(FrameworkMethod.java:56)&#13;
	at org.junit.internal.runners.statements.InvokeMethod.evaluate(InvokeMethod.java:17)&#13;
	at org.junit.runners.ParentRunner$3.evaluate(ParentRunner.java:306)&#13;
	at org.junit.runners.BlockJUnit4ClassRunner$1.evaluate(BlockJUnit4ClassRunner.java:100)&#13;
	at org.junit.runners.ParentRunner.runLeaf(ParentRunner.java:366)&#13;
	at org.junit.runners.BlockJUnit4ClassRunner.runChild(BlockJUnit4ClassRunner.java:103)&#13;
	at com.dragonboat.game.GdxTestRunner.render(GdxTestRunner.java:58)&#13;
	at com.badlogic.gdx.backends.headless.HeadlessApplication.mainLoop(HeadlessApplication.java:129)&#13;
	at com.badlogic.gdx.backends.headless.HeadlessApplication$1.run(HeadlessApplication.java:96)&#13;
Caused by: java.lang.AssertionError: expected:&amp;lt;com.dragonboat.game.Opponent@453cb38&amp;gt; but was:&amp;lt;com.dragonboat.game.Player@4485e384&amp;gt;&#13;
	at org.junit.Assert.fail(Assert.java:89)&#13;
	at org.junit.Assert.failNotEquals(Assert.java:835)&#13;
	at org.junit.Assert.assertEquals(Assert.java:120)&#13;
	at org.junit.Assert.assertEquals(Assert.java:146)&#13;
	at org.junit.internal.ExactComparisonCriteria.assertElementsEqual(ExactComparisonCriteria.java:8)&#13;
	at org.junit.internal.ComparisonCriteria.arrayEquals(ComparisonCriteria.java:76)&#13;
	... 20 more&#13;
</output>
        </test>
        <test duration="1" locationUrl="java:test://com.dragonboat.game.LeaderboardTest.testGetPodium" name="testGetPodium" status="failed">
            <output type="stderr">arrays first differed at element [0]; expected:&amp;lt;com.dragonboat.game.Opponent@6b1d5a7b&amp;gt; but was:&amp;lt;com.dragonboat.game.Player@718d462b&amp;gt;
</output>
            <output type="stdout">Expected :
</output>
            <output type="stderr">com.dragonboat.game.Opponent@6b1d5a7b
</output>
            <output type="stdout">Actual   :
</output>
            <diff actual="com.dragonboat.game.Player@718d462b" expected="com.dragonboat.game.Opponent@6b1d5a7b"/>
            <output type="stderr">com.dragonboat.game.Player@718d462b
arrays first differed at element [0]; expected:&amp;lt;com.dragonboat.game.Opponent@6b1d5a7b&amp;gt; but was:&amp;lt;com.dragonboat.game.Player@718d462b&amp;gt;&#13;
	at org.junit.internal.ComparisonCriteria.arrayEquals(ComparisonCriteria.java:78)&#13;
	at org.junit.internal.ComparisonCriteria.arrayEquals(ComparisonCriteria.java:28)&#13;
	at org.junit.Assert.internalArrayEquals(Assert.java:534)&#13;
	at org.junit.Assert.assertArrayEquals(Assert.java:285)&#13;
	at org.junit.Assert.assertArrayEquals(Assert.java:300)&#13;
	at com.dragonboat.game.LeaderboardTest.testGetPodium(LeaderboardTest.java:65)&#13;
	at java.base/jdk.internal.reflect.NativeMethodAccessorImpl.invoke0(Native Method)&#13;
	at java.base/jdk.internal.reflect.NativeMethodAccessorImpl.invoke(NativeMethodAccessorImpl.java:62)&#13;
	at java.base/jdk.internal.reflect.DelegatingMethodAccessorImpl.invoke(DelegatingMethodAccessorImpl.java:43)&#13;
	at java.base/java.lang.reflect.Method.invoke(Method.java:566)&#13;
	at org.junit.runners.model.FrameworkMethod$1.runReflectiveCall(FrameworkMethod.java:59)&#13;
	at org.junit.internal.runners.model.ReflectiveCallable.run(ReflectiveCallable.java:12)&#13;
	at org.junit.runners.model.FrameworkMethod.invokeExplosively(FrameworkMethod.java:56)&#13;
	at org.junit.internal.runners.statements.InvokeMethod.evaluate(InvokeMethod.java:17)&#13;
	at org.junit.runners.ParentRunner$3.evaluate(ParentRunner.java:306)&#13;
	at org.junit.runners.BlockJUnit4ClassRunner$1.evaluate(BlockJUnit4ClassRunner.java:100)&#13;
	at org.junit.runners.ParentRunner.runLeaf(ParentRunner.java:366)&#13;
	at org.junit.runners.BlockJUnit4ClassRunner.runChild(BlockJUnit4ClassRunner.java:103)&#13;
	at com.dragonboat.game.GdxTestRunner.render(GdxTestRunner.java:58)&#13;
	at com.badlogic.gdx.backends.headless.HeadlessApplication.mainLoop(HeadlessApplication.java:129)&#13;
	at com.badlogic.gdx.backends.headless.HeadlessApplication$1.run(HeadlessApplication.java:96)&#13;
Caused by: java.lang.AssertionError: expected:&amp;lt;com.dragonboat.game.Opponent@6b1d5a7b&amp;gt; but was:&amp;lt;com.dragonboat.game.Player@718d462b&amp;gt;&#13;
	at org.junit.Assert.fail(Assert.java:89)&#13;
	at org.junit.Assert.failNotEquals(Assert.java:835)&#13;
	at org.junit.Assert.assertEquals(Assert.java:120)&#13;
	at org.junit.Assert.assertEquals(Assert.java:146)&#13;
	at org.junit.internal.ExactComparisonCriteria.assertElementsEqual(ExactComparisonCriteria.java:8)&#13;
	at org.junit.internal.ComparisonCriteria.arrayEquals(ComparisonCriteria.java:76)&#13;
	... 20 more&#13;
</output>
        </test>
        <test duration="1" locationUrl="java:test://com.dragonboat.game.LeaderboardTest.testUpdateOrder" name="testUpdateOrder" status="passed"/>
    </suite>
    <suite duration="2" locationUrl="java:suite://com.dragonboat.game.GooseTest" name="com.dragonboat.game.GooseTest" status="failed">
        <test duration="1" locationUrl="java:test://com.dragonboat.game.GooseTest.testChangeDirection" name="testChangeDirection" status="passed"/>
        <test duration="1" locationUrl="java:test://com.dragonboat.game.GooseTest.testMove" name="testMove" status="failed">
            <output type="stderr">expected:&amp;lt;10.0&amp;gt; but was:&amp;lt;8.0&amp;gt;
</output>
            <output type="stdout">Expected :
</output>
            <output type="stderr">10.0
</output>
            <output type="stdout">Actual   :
</output>
            <diff actual="8.0" expected="10.0"/>
            <output type="stderr">8.0
java.lang.AssertionError: expected:&amp;lt;10.0&amp;gt; but was:&amp;lt;8.0&amp;gt;&#13;
	at org.junit.Assert.fail(Assert.java:89)&#13;
	at org.junit.Assert.failNotEquals(Assert.java:835)&#13;
	at org.junit.Assert.assertEquals(Assert.java:577)&#13;
	at org.junit.Assert.assertEquals(Assert.java:701)&#13;
	at com.dragonboat.game.GooseTest.testMove(GooseTest.java:48)&#13;
	at java.base/jdk.internal.reflect.NativeMethodAccessorImpl.invoke0(Native Method)&#13;
	at java.base/jdk.internal.reflect.NativeMethodAccessorImpl.invoke(NativeMethodAccessorImpl.java:62)&#13;
	at java.base/jdk.internal.reflect.DelegatingMethodAccessorImpl.invoke(DelegatingMethodAccessorImpl.java:43)&#13;
	at java.base/java.lang.reflect.Method.invoke(Method.java:566)&#13;
	at org.junit.runners.model.FrameworkMethod$1.runReflectiveCall(FrameworkMethod.java:59)&#13;
	at org.junit.internal.runners.model.ReflectiveCallable.run(ReflectiveCallable.java:12)&#13;
	at org.junit.runners.model.FrameworkMethod.invokeExplosively(FrameworkMethod.java:56)&#13;
	at org.junit.internal.runners.statements.InvokeMethod.evaluate(InvokeMethod.java:17)&#13;
	at org.junit.runners.ParentRunner$3.evaluate(ParentRunner.java:306)&#13;
	at org.junit.runners.BlockJUnit4ClassRunner$1.evaluate(BlockJUnit4ClassRunner.java:100)&#13;
	at org.junit.runners.ParentRunner.runLeaf(ParentRunner.java:366)&#13;
	at org.junit.runners.BlockJUnit4ClassRunner.runChild(BlockJUnit4ClassRunner.java:103)&#13;
	at com.dragonboat.game.GdxTestRunner.render(GdxTestRunner.java:58)&#13;
	at com.badlogic.gdx.backends.headless.HeadlessApplication.mainLoop(HeadlessApplication.java:129)&#13;
	at com.badlogic.gdx.backends.headless.HeadlessApplication$1.run(HeadlessApplication.java:96)&#13;
</output>
        </test>
    </suite>
    <suite duration="0" locationUrl="java:suite://com.dragonboat.game.ObstacleTest" name="com.dragonboat.game.ObstacleTest" status="passed">
        <test duration="0" locationUrl="java:test://com.dragonboat.game.ObstacleTest.testMove" name="testMove" status="passed"/>
    </suite>
    <suite duration="2" locationUrl="java:suite://com.dragonboat.game.ProgressBarTest" name="com.dragonboat.game.ProgressBarTest" status="passed">
        <test duration="1" locationUrl="java:test://com.dragonboat.game.ProgressBarTest.testAllFinished" name="testAllFinished" status="passed"/>
        <test duration="1" locationUrl="java:test://com.dragonboat.game.ProgressBarTest.testGetProgress" name="testGetProgress" status="passed"/>
        <test duration="0" locationUrl="java:test://com.dragonboat.game.ProgressBarTest.testIncrementTimer" name="testIncrementTimer" status="passed"/>
        <test duration="0" locationUrl="java:test://com.dragonboat.game.ProgressBarTest.testStartTimer" name="testStartTimer" status="passed"/>
    </suite>
</testrun>
